{"numFailedTestSuites":0,"numFailedTests":0,"numPassedTestSuites":14,"numPassedTests":31,"numPendingTestSuites":0,"numPendingTests":0,"numRuntimeErrorTestSuites":0,"numTodoTests":0,"numTotalTestSuites":14,"numTotalTests":31,"openHandles":[],"snapshot":{"added":0,"didUpdate":false,"failure":false,"filesAdded":0,"filesRemoved":0,"filesRemovedList":[],"filesUnmatched":0,"filesUpdated":0,"matched":7,"total":7,"unchecked":0,"uncheckedKeysByFile":[],"unmatched":0,"updated":0},"startTime":1666369125211,"success":true,"testResults":[{"assertionResults":[{"ancestorTitles":["index"],"duration":20,"failureDetails":[],"failureMessages":[],"fullName":"index must return all constants","invocations":1,"location":null,"numPassingAsserts":0,"retryReasons":[],"status":"passed","title":"must return all constants"}],"endTime":1666369130990,"message":"","name":"/Users/mts/PapillonBitsHub/search/packages/core/src/library/constant/__tests__/index.test.js","startTime":1666369126652,"status":"passed","summary":""},{"assertionResults":[{"ancestorTitles":["<NotFoundTemplate />","Render"],"duration":179,"failureDetails":[],"failureMessages":[],"fullName":"<NotFoundTemplate /> Render must match regular","invocations":1,"location":null,"numPassingAsserts":0,"retryReasons":[],"status":"passed","title":"must match regular"}],"endTime":1666369132683,"message":"","name":"/Users/mts/PapillonBitsHub/search/packages/core/src/pattern/template/NotFoundTemplate/__tests__/NotFoundTemplate.int.test.js","startTime":1666369126641,"status":"passed","summary":""},{"assertionResults":[{"ancestorTitles":["<NotFoundPage />","Render"],"duration":122,"failureDetails":[],"failureMessages":[],"fullName":"<NotFoundPage /> Render must match async","invocations":1,"location":null,"numPassingAsserts":0,"retryReasons":[],"status":"passed","title":"must match async"},{"ancestorTitles":["<NotFoundPage />","Render"],"duration":67,"failureDetails":[],"failureMessages":[],"fullName":"<NotFoundPage /> Render must match regular","invocations":1,"location":null,"numPassingAsserts":0,"retryReasons":[],"status":"passed","title":"must match regular"}],"endTime":1666369132832,"message":"","name":"/Users/mts/PapillonBitsHub/search/packages/core/src/pattern/page/NotFoundPage/__tests__/NotFoundPage.int.test.js","startTime":1666369126641,"status":"passed","summary":""},{"assertionResults":[{"ancestorTitles":["index","appRootRoute"],"duration":18,"failureDetails":[],"failureMessages":[],"fullName":"index appRootRoute must return app root route object","invocations":1,"location":null,"numPassingAsserts":0,"retryReasons":[],"status":"passed","title":"must return app root route object"},{"ancestorTitles":["index","listCarPageRoute"],"duration":12,"failureDetails":[],"failureMessages":[],"fullName":"index listCarPageRoute must return list car page route object","invocations":1,"location":null,"numPassingAsserts":0,"retryReasons":[],"status":"passed","title":"must return list car page route object"},{"ancestorTitles":["index","notFoundPageRoute"],"duration":1,"failureDetails":[],"failureMessages":[],"fullName":"index notFoundPageRoute must return not found page route object","invocations":1,"location":null,"numPassingAsserts":0,"retryReasons":[],"status":"passed","title":"must return not found page route object"}],"endTime":1666369133655,"message":"","name":"/Users/mts/PapillonBitsHub/search/packages/core/src/route/__tests__/index.test.js","startTime":1666369126624,"status":"passed","summary":""},{"assertionResults":[{"ancestorTitles":["index","setMiddlewares()"],"duration":4,"failureDetails":[],"failureMessages":[],"fullName":"index setMiddlewares() must have thunk and logger middleware when running on localhost","invocations":1,"location":null,"numPassingAsserts":0,"retryReasons":[],"status":"passed","title":"must have thunk and logger middleware when running on localhost"},{"ancestorTitles":["index","setMiddlewares()"],"duration":1,"failureDetails":[],"failureMessages":[],"fullName":"index setMiddlewares() must only have thunk middleware when not running on localhost","invocations":1,"location":null,"numPassingAsserts":0,"retryReasons":[],"status":"passed","title":"must only have thunk middleware when not running on localhost"}],"endTime":1666369134123,"message":"","name":"/Users/mts/PapillonBitsHub/search/packages/core/src/store/__tests__/base.test.js","startTime":1666369131041,"status":"passed","summary":""},{"assertionResults":[{"ancestorTitles":["<Navigator />","Render"],"duration":170,"failureDetails":[],"failureMessages":[],"fullName":"<Navigator /> Render must match regular","invocations":1,"location":null,"numPassingAsserts":0,"retryReasons":[],"status":"passed","title":"must match regular"}],"endTime":1666369134936,"message":"","name":"/Users/mts/PapillonBitsHub/search/packages/core/src/pattern/molecule/Navigator/__tests__/Navigator.int.test.js","startTime":1666369126316,"status":"passed","summary":""},{"assertionResults":[{"ancestorTitles":["index","useBindActionCreators()"],"duration":4,"failureDetails":[],"failureMessages":[],"fullName":"index useBindActionCreators() must return all bound actions and thunks","invocations":1,"location":null,"numPassingAsserts":0,"retryReasons":[],"status":"passed","title":"must return all bound actions and thunks"}],"endTime":1666369135070,"message":"","name":"/Users/mts/PapillonBitsHub/search/packages/core/src/store/dispatch/__tests__/index.test.js","startTime":1666369132715,"status":"passed","summary":""},{"assertionResults":[{"ancestorTitles":["<ListCarTemplate />","Render"],"duration":513,"failureDetails":[],"failureMessages":[],"fullName":"<ListCarTemplate /> Render must match regular()","invocations":1,"location":null,"numPassingAsserts":0,"retryReasons":[],"status":"passed","title":"must match regular()"}],"endTime":1666369135051,"message":"","name":"/Users/mts/PapillonBitsHub/search/packages/core/src/pattern/template/ListCarTemplate/__tests__/ListCarTemplate.int.test.js","startTime":1666369126568,"status":"passed","summary":""},{"assertionResults":[{"ancestorTitles":["actionTypes"],"duration":13,"failureDetails":[],"failureMessages":[],"fullName":"actionTypes must return all action types","invocations":1,"location":null,"numPassingAsserts":0,"retryReasons":[],"status":"passed","title":"must return all action types"}],"endTime":1666369135265,"message":"","name":"/Users/mts/PapillonBitsHub/search/packages/core/src/store/action/__tests__/actionTypes.test.js","startTime":1666369132890,"status":"passed","summary":""},{"assertionResults":[{"ancestorTitles":["<ListCarPage />","Render"],"duration":78,"failureDetails":[],"failureMessages":[],"fullName":"<ListCarPage /> Render must match async()","invocations":1,"location":null,"numPassingAsserts":0,"retryReasons":[],"status":"passed","title":"must match async()"},{"ancestorTitles":["<ListCarPage />","Render"],"duration":535,"failureDetails":[],"failureMessages":[],"fullName":"<ListCarPage /> Render must match regular()","invocations":1,"location":null,"numPassingAsserts":0,"retryReasons":[],"status":"passed","title":"must match regular()"}],"endTime":1666369135263,"message":"","name":"/Users/mts/PapillonBitsHub/search/packages/core/src/pattern/page/ListCarPage/__tests__/ListCarPage.int.test.js","startTime":1666369126629,"status":"passed","summary":""},{"assertionResults":[{"ancestorTitles":["client","setAppDefaultState()"],"duration":96,"failureDetails":[],"failureMessages":[],"fullName":"client setAppDefaultState() must set app state","invocations":1,"location":null,"numPassingAsserts":0,"retryReasons":[],"status":"passed","title":"must set app state"}],"endTime":1666369135602,"message":"","name":"/Users/mts/PapillonBitsHub/search/packages/core/src/store/__tests__/client.test.js","startTime":1666369133700,"status":"passed","summary":""},{"assertionResults":[{"ancestorTitles":["index","hosts and indicators"],"duration":3,"failureDetails":[],"failureMessages":[],"fullName":"index hosts and indicators must return all hosts and indicators","invocations":1,"location":null,"numPassingAsserts":0,"retryReasons":[],"status":"passed","title":"must return all hosts and indicators"},{"ancestorTitles":["index","currentHost"],"duration":2,"failureDetails":[],"failureMessages":[],"fullName":"index currentHost must equal localhost when running on localhost","invocations":1,"location":null,"numPassingAsserts":0,"retryReasons":[],"status":"passed","title":"must equal localhost when running on localhost"},{"ancestorTitles":["index","currentHost"],"duration":1,"failureDetails":[],"failureMessages":[],"fullName":"index currentHost must equal elsewhere host when running elsewhere","invocations":1,"location":null,"numPassingAsserts":0,"retryReasons":[],"status":"passed","title":"must equal elsewhere host when running elsewhere"},{"ancestorTitles":["index","isRunningOnLocalHost"],"duration":1,"failureDetails":[],"failureMessages":[],"fullName":"index isRunningOnLocalHost must be truthy when running on localhost","invocations":1,"location":null,"numPassingAsserts":0,"retryReasons":[],"status":"passed","title":"must be truthy when running on localhost"},{"ancestorTitles":["index","isRunningOnLocalHost"],"duration":1,"failureDetails":[],"failureMessages":[],"fullName":"index isRunningOnLocalHost must be falsy when running elsewhere","invocations":1,"location":null,"numPassingAsserts":0,"retryReasons":[],"status":"passed","title":"must be falsy when running elsewhere"}],"endTime":1666369135686,"message":"","name":"/Users/mts/PapillonBitsHub/search/packages/core/src/library/environment/host/__tests__/index.test.js","startTime":1666369134128,"status":"passed","summary":""},{"assertionResults":[{"ancestorTitles":["actionCreators","context","navigation","contextSetNavigationAction()"],"duration":2,"failureDetails":[],"failureMessages":[],"fullName":"actionCreators context navigation contextSetNavigationAction() must return action with given payload","invocations":1,"location":null,"numPassingAsserts":0,"retryReasons":[],"status":"passed","title":"must return action with given payload"},{"ancestorTitles":["actionCreators","context","progress","contextSetProgressAction()"],"duration":1,"failureDetails":[],"failureMessages":[],"fullName":"actionCreators context progress contextSetProgressAction() must return action with given payload","invocations":1,"location":null,"numPassingAsserts":0,"retryReasons":[],"status":"passed","title":"must return action with given payload"},{"ancestorTitles":["actionCreators","ui","listCars","uiSelectListCarsAction()"],"duration":0,"failureDetails":[],"failureMessages":[],"fullName":"actionCreators ui listCars uiSelectListCarsAction() must return action with given payload","invocations":1,"location":null,"numPassingAsserts":0,"retryReasons":[],"status":"passed","title":"must return action with given payload"},{"ancestorTitles":["actionCreators","ui","listCars","uiSetListCarsSortAction()"],"duration":1,"failureDetails":[],"failureMessages":[],"fullName":"actionCreators ui listCars uiSetListCarsSortAction() must return action with given payload","invocations":1,"location":null,"numPassingAsserts":0,"retryReasons":[],"status":"passed","title":"must return action with given payload"},{"ancestorTitles":["actionCreators","ui","listCars","uiSetListCarsSearchAction()"],"duration":0,"failureDetails":[],"failureMessages":[],"fullName":"actionCreators ui listCars uiSetListCarsSearchAction() must return action with given payload","invocations":1,"location":null,"numPassingAsserts":0,"retryReasons":[],"status":"passed","title":"must return action with given payload"},{"ancestorTitles":["actionCreators","ui","listCars","uiSetListCarsPaginationAction()"],"duration":1,"failureDetails":[],"failureMessages":[],"fullName":"actionCreators ui listCars uiSetListCarsPaginationAction() must return action with given payload","invocations":1,"location":null,"numPassingAsserts":0,"retryReasons":[],"status":"passed","title":"must return action with given payload"}],"endTime":1666369136019,"message":"","name":"/Users/mts/PapillonBitsHub/search/packages/core/src/store/action/__tests__/actionCreators.test.js","startTime":1666369134967,"status":"passed","summary":""},{"assertionResults":[{"ancestorTitles":["path","appRootPath"],"duration":2,"failureDetails":[],"failureMessages":[],"fullName":"path appRootPath must return path with base url when process.env.BASE_URL is present","invocations":1,"location":null,"numPassingAsserts":0,"retryReasons":[],"status":"passed","title":"must return path with base url when process.env.BASE_URL is present"},{"ancestorTitles":["path","appRootPath"],"duration":1,"failureDetails":[],"failureMessages":[],"fullName":"path appRootPath must return path without base url when process.env.BASE_URL is absent","invocations":1,"location":null,"numPassingAsserts":0,"retryReasons":[],"status":"passed","title":"must return path without base url when process.env.BASE_URL is absent"},{"ancestorTitles":["path","listCarPagePath"],"duration":1,"failureDetails":[],"failureMessages":[],"fullName":"path listCarPagePath must return path with base url when process.env.BASE_URL is present","invocations":1,"location":null,"numPassingAsserts":0,"retryReasons":[],"status":"passed","title":"must return path with base url when process.env.BASE_URL is present"},{"ancestorTitles":["path","listCarPagePath"],"duration":0,"failureDetails":[],"failureMessages":[],"fullName":"path listCarPagePath must return path without base url when process.env.BASE_URL is absent","invocations":1,"location":null,"numPassingAsserts":0,"retryReasons":[],"status":"passed","title":"must return path without base url when process.env.BASE_URL is absent"}],"endTime":1666369136042,"message":"","name":"/Users/mts/PapillonBitsHub/search/packages/core/src/route/__tests__/path.test.js","startTime":1666369135105,"status":"passed","summary":""}],"wasInterrupted":false}