{"numFailedTestSuites":0,"numFailedTests":0,"numPassedTestSuites":14,"numPassedTests":31,"numPendingTestSuites":0,"numPendingTests":0,"numRuntimeErrorTestSuites":0,"numTodoTests":0,"numTotalTestSuites":14,"numTotalTests":31,"openHandles":[],"snapshot":{"added":0,"didUpdate":false,"failure":false,"filesAdded":0,"filesRemoved":0,"filesRemovedList":[],"filesUnmatched":0,"filesUpdated":0,"matched":7,"total":7,"unchecked":0,"uncheckedKeysByFile":[],"unmatched":0,"updated":0},"startTime":1768382785538,"success":true,"testResults":[{"assertionResults":[{"ancestorTitles":["index","setMiddlewares()"],"duration":10,"failing":false,"failureDetails":[],"failureMessages":[],"fullName":"index setMiddlewares() must have thunk and logger middleware when running on localhost","invocations":1,"location":null,"numPassingAsserts":2,"retryReasons":[],"startAt":1768382794326,"status":"passed","title":"must have thunk and logger middleware when running on localhost"},{"ancestorTitles":["index","setMiddlewares()"],"duration":1,"failing":false,"failureDetails":[],"failureMessages":[],"fullName":"index setMiddlewares() must only have thunk middleware when not running on localhost","invocations":1,"location":null,"numPassingAsserts":2,"retryReasons":[],"startAt":1768382794337,"status":"passed","title":"must only have thunk middleware when not running on localhost"}],"endTime":1768382794378,"message":"","name":"/Users/mts/PapillonBitsHub/search/packages/core/src/store/__tests__/base.test.js","startTime":1768382786057,"status":"passed","summary":""},{"assertionResults":[{"ancestorTitles":["index","useBindActionCreators()"],"duration":9,"failing":false,"failureDetails":[],"failureMessages":[],"fullName":"index useBindActionCreators() must return all bound actions and thunks","invocations":1,"location":null,"numPassingAsserts":1,"retryReasons":[],"startAt":1768382794318,"status":"passed","title":"must return all bound actions and thunks"}],"endTime":1768382794329,"message":"","name":"/Users/mts/PapillonBitsHub/search/packages/core/src/store/dispatch/__tests__/index.test.js","startTime":1768382786068,"status":"passed","summary":""},{"assertionResults":[{"ancestorTitles":["path","appRootPath"],"duration":27,"failing":false,"failureDetails":[],"failureMessages":[],"fullName":"path appRootPath must return path with base url when process.env.BASE_URL is present","invocations":1,"location":null,"numPassingAsserts":1,"retryReasons":[],"startAt":1768382794353,"status":"passed","title":"must return path with base url when process.env.BASE_URL is present"},{"ancestorTitles":["path","appRootPath"],"duration":2,"failing":false,"failureDetails":[],"failureMessages":[],"fullName":"path appRootPath must return path without base url when process.env.BASE_URL is absent","invocations":1,"location":null,"numPassingAsserts":1,"retryReasons":[],"startAt":1768382794380,"status":"passed","title":"must return path without base url when process.env.BASE_URL is absent"},{"ancestorTitles":["path","listCarPagePath"],"duration":1,"failing":false,"failureDetails":[],"failureMessages":[],"fullName":"path listCarPagePath must return path with base url when process.env.BASE_URL is present","invocations":1,"location":null,"numPassingAsserts":1,"retryReasons":[],"startAt":1768382794382,"status":"passed","title":"must return path with base url when process.env.BASE_URL is present"},{"ancestorTitles":["path","listCarPagePath"],"duration":1,"failing":false,"failureDetails":[],"failureMessages":[],"fullName":"path listCarPagePath must return path without base url when process.env.BASE_URL is absent","invocations":1,"location":null,"numPassingAsserts":1,"retryReasons":[],"startAt":1768382794383,"status":"passed","title":"must return path without base url when process.env.BASE_URL is absent"}],"endTime":1768382794385,"message":"","name":"/Users/mts/PapillonBitsHub/search/packages/core/src/route/__tests__/path.test.js","startTime":1768382786097,"status":"passed","summary":""},{"assertionResults":[{"ancestorTitles":["client","setAppDefaultState()"],"duration":173,"failing":false,"failureDetails":[],"failureMessages":[],"fullName":"client setAppDefaultState() must set app state","invocations":1,"location":null,"numPassingAsserts":1,"retryReasons":[],"startAt":1768382794359,"status":"passed","title":"must set app state"}],"endTime":1768382794534,"message":"","name":"/Users/mts/PapillonBitsHub/search/packages/core/src/store/__tests__/client.test.js","startTime":1768382786068,"status":"passed","summary":""},{"assertionResults":[{"ancestorTitles":["actionCreators","context","navigation","contextSetNavigationAction()"],"duration":89,"failing":false,"failureDetails":[],"failureMessages":[],"fullName":"actionCreators context navigation contextSetNavigationAction() must return action with given payload","invocations":1,"location":null,"numPassingAsserts":1,"retryReasons":[],"startAt":1768382794461,"status":"passed","title":"must return action with given payload"},{"ancestorTitles":["actionCreators","context","progress","contextSetProgressAction()"],"duration":3,"failing":false,"failureDetails":[],"failureMessages":[],"fullName":"actionCreators context progress contextSetProgressAction() must return action with given payload","invocations":1,"location":null,"numPassingAsserts":1,"retryReasons":[],"startAt":1768382794553,"status":"passed","title":"must return action with given payload"},{"ancestorTitles":["actionCreators","ui","listCars","uiSelectListCarsAction()"],"duration":3,"failing":false,"failureDetails":[],"failureMessages":[],"fullName":"actionCreators ui listCars uiSelectListCarsAction() must return action with given payload","invocations":1,"location":null,"numPassingAsserts":1,"retryReasons":[],"startAt":1768382794557,"status":"passed","title":"must return action with given payload"},{"ancestorTitles":["actionCreators","ui","listCars","uiSetListCarsSortAction()"],"duration":0,"failing":false,"failureDetails":[],"failureMessages":[],"fullName":"actionCreators ui listCars uiSetListCarsSortAction() must return action with given payload","invocations":1,"location":null,"numPassingAsserts":1,"retryReasons":[],"startAt":1768382794561,"status":"passed","title":"must return action with given payload"},{"ancestorTitles":["actionCreators","ui","listCars","uiSetListCarsSearchAction()"],"duration":1,"failing":false,"failureDetails":[],"failureMessages":[],"fullName":"actionCreators ui listCars uiSetListCarsSearchAction() must return action with given payload","invocations":1,"location":null,"numPassingAsserts":1,"retryReasons":[],"startAt":1768382794562,"status":"passed","title":"must return action with given payload"},{"ancestorTitles":["actionCreators","ui","listCars","uiSetListCarsPaginationAction()"],"duration":1,"failing":false,"failureDetails":[],"failureMessages":[],"fullName":"actionCreators ui listCars uiSetListCarsPaginationAction() must return action with given payload","invocations":1,"location":null,"numPassingAsserts":1,"retryReasons":[],"startAt":1768382794563,"status":"passed","title":"must return action with given payload"}],"endTime":1768382794565,"message":"","name":"/Users/mts/PapillonBitsHub/search/packages/core/src/store/action/__tests__/actionCreators.test.js","startTime":1768382786075,"status":"passed","summary":""},{"assertionResults":[{"ancestorTitles":["index","hosts and indicators"],"duration":8,"failing":false,"failureDetails":[],"failureMessages":[],"fullName":"index hosts and indicators must return all hosts and indicators","invocations":1,"location":null,"numPassingAsserts":3,"retryReasons":[],"startAt":1768382794669,"status":"passed","title":"must return all hosts and indicators"},{"ancestorTitles":["index","currentHost"],"duration":4,"failing":false,"failureDetails":[],"failureMessages":[],"fullName":"index currentHost must equal localhost when running on localhost","invocations":1,"location":null,"numPassingAsserts":1,"retryReasons":[],"startAt":1768382794678,"status":"passed","title":"must equal localhost when running on localhost"},{"ancestorTitles":["index","currentHost"],"duration":2,"failing":false,"failureDetails":[],"failureMessages":[],"fullName":"index currentHost must equal elsewhere host when running elsewhere","invocations":1,"location":null,"numPassingAsserts":1,"retryReasons":[],"startAt":1768382794682,"status":"passed","title":"must equal elsewhere host when running elsewhere"},{"ancestorTitles":["index","isRunningOnLocalHost"],"duration":6,"failing":false,"failureDetails":[],"failureMessages":[],"fullName":"index isRunningOnLocalHost must be truthy when running on localhost","invocations":1,"location":null,"numPassingAsserts":1,"retryReasons":[],"startAt":1768382794684,"status":"passed","title":"must be truthy when running on localhost"},{"ancestorTitles":["index","isRunningOnLocalHost"],"duration":13,"failing":false,"failureDetails":[],"failureMessages":[],"fullName":"index isRunningOnLocalHost must be falsy when running elsewhere","invocations":1,"location":null,"numPassingAsserts":1,"retryReasons":[],"startAt":1768382794693,"status":"passed","title":"must be falsy when running elsewhere"}],"endTime":1768382794713,"message":"","name":"/Users/mts/PapillonBitsHub/search/packages/core/src/library/environment/host/__tests__/index.test.js","startTime":1768382786078,"status":"passed","summary":""},{"assertionResults":[{"ancestorTitles":["actionTypes"],"duration":2,"failing":false,"failureDetails":[],"failureMessages":[],"fullName":"actionTypes must return all action types","invocations":1,"location":null,"numPassingAsserts":6,"retryReasons":[],"startAt":1768382795549,"status":"passed","title":"must return all action types"}],"endTime":1768382795551,"message":"","name":"/Users/mts/PapillonBitsHub/search/packages/core/src/store/action/__tests__/actionTypes.test.js","startTime":1768382794428,"status":"passed","summary":""},{"assertionResults":[{"ancestorTitles":["index"],"duration":3,"failing":false,"failureDetails":[],"failureMessages":[],"fullName":"index must return all constants","invocations":1,"location":null,"numPassingAsserts":7,"retryReasons":[],"startAt":1768382795732,"status":"passed","title":"must return all constants"}],"endTime":1768382795735,"message":"","name":"/Users/mts/PapillonBitsHub/search/packages/core/src/library/constant/__tests__/index.test.js","startTime":1768382794441,"status":"passed","summary":""},{"assertionResults":[{"ancestorTitles":["index","appRootRoute"],"duration":12,"failing":false,"failureDetails":[],"failureMessages":[],"fullName":"index appRootRoute must return app root route object","invocations":1,"location":null,"numPassingAsserts":1,"retryReasons":[],"startAt":1768382796848,"status":"passed","title":"must return app root route object"},{"ancestorTitles":["index","listCarPageRoute"],"duration":0,"failing":false,"failureDetails":[],"failureMessages":[],"fullName":"index listCarPageRoute must return list car page route object","invocations":1,"location":null,"numPassingAsserts":1,"retryReasons":[],"startAt":1768382796861,"status":"passed","title":"must return list car page route object"},{"ancestorTitles":["index","notFoundPageRoute"],"duration":1,"failing":false,"failureDetails":[],"failureMessages":[],"fullName":"index notFoundPageRoute must return not found page route object","invocations":1,"location":null,"numPassingAsserts":1,"retryReasons":[],"startAt":1768382796861,"status":"passed","title":"must return not found page route object"}],"endTime":1768382796863,"message":"","name":"/Users/mts/PapillonBitsHub/search/packages/core/src/route/__tests__/index.test.js","startTime":1768382786070,"status":"passed","summary":""},{"assertionResults":[{"ancestorTitles":["<NotFoundTemplate />","Render"],"duration":64,"failing":false,"failureDetails":[],"failureMessages":[],"fullName":"<NotFoundTemplate /> Render must match regular","invocations":1,"location":null,"numPassingAsserts":1,"retryReasons":[],"startAt":1768382796846,"status":"passed","title":"must match regular"}],"endTime":1768382796912,"message":"","name":"/Users/mts/PapillonBitsHub/search/packages/core/src/pattern/template/NotFoundTemplate/__tests__/NotFoundTemplate.int.test.js","startTime":1768382794583,"status":"passed","summary":""},{"assertionResults":[{"ancestorTitles":["<NotFoundPage />","Render"],"duration":39,"failing":false,"failureDetails":[],"failureMessages":[],"fullName":"<NotFoundPage /> Render must match async","invocations":1,"location":null,"numPassingAsserts":1,"retryReasons":[],"startAt":1768382796865,"status":"passed","title":"must match async"},{"ancestorTitles":["<NotFoundPage />","Render"],"duration":55,"failing":false,"failureDetails":[],"failureMessages":[],"fullName":"<NotFoundPage /> Render must match regular","invocations":1,"location":null,"numPassingAsserts":1,"retryReasons":[],"startAt":1768382796904,"status":"passed","title":"must match regular"}],"endTime":1768382796960,"message":"","name":"/Users/mts/PapillonBitsHub/search/packages/core/src/pattern/page/NotFoundPage/__tests__/NotFoundPage.int.test.js","startTime":1768382794426,"status":"passed","summary":""},{"assertionResults":[{"ancestorTitles":["<Navigator />","Render"],"duration":36,"failing":false,"failureDetails":[],"failureMessages":[],"fullName":"<Navigator /> Render must match regular","invocations":1,"location":null,"numPassingAsserts":1,"retryReasons":[],"startAt":1768382798189,"status":"passed","title":"must match regular"}],"endTime":1768382798225,"message":"","name":"/Users/mts/PapillonBitsHub/search/packages/core/src/pattern/molecule/Navigator/__tests__/Navigator.int.test.js","startTime":1768382795560,"status":"passed","summary":""},{"assertionResults":[{"ancestorTitles":["<ListCarTemplate />","Render"],"duration":219,"failing":false,"failureDetails":[],"failureMessages":[],"fullName":"<ListCarTemplate /> Render must match regular()","invocations":1,"location":null,"numPassingAsserts":1,"retryReasons":[],"startAt":1768382798193,"status":"passed","title":"must match regular()"}],"endTime":1768382798413,"message":"","name":"/Users/mts/PapillonBitsHub/search/packages/core/src/pattern/template/ListCarTemplate/__tests__/ListCarTemplate.int.test.js","startTime":1768382794762,"status":"passed","summary":""},{"assertionResults":[{"ancestorTitles":["<ListCarPage />","Render"],"duration":30,"failing":false,"failureDetails":[],"failureMessages":[],"fullName":"<ListCarPage /> Render must match async()","invocations":1,"location":null,"numPassingAsserts":1,"retryReasons":[],"startAt":1768382798566,"status":"passed","title":"must match async()"},{"ancestorTitles":["<ListCarPage />","Render"],"duration":144,"failing":false,"failureDetails":[],"failureMessages":[],"fullName":"<ListCarPage /> Render must match regular()","invocations":1,"location":null,"numPassingAsserts":1,"retryReasons":[],"startAt":1768382798596,"status":"passed","title":"must match regular()"}],"endTime":1768382798740,"message":"","name":"/Users/mts/PapillonBitsHub/search/packages/core/src/pattern/page/ListCarPage/__tests__/ListCarPage.int.test.js","startTime":1768382794552,"status":"passed","summary":""}],"wasInterrupted":false}
